
> spc-kc-web@0.0.0 build
> vite build

[36mvite v6.2.2 [32mbuilding for production...[36m[39m
transforming...

/img/events/eventsBg.png referenced in /img/events/eventsBg.png didn't resolve at build time, it will remain unchanged to be resolved at runtime
[32m✓[39m 1974 modules transformed.
rendering chunks...
computing gzip size...
[2mdist/[22m[32massets/slick-BlzDm7g2.svg                [39m[1m[2m  2.15 kB[22m[1m[22m[2m │ gzip:   0.91 kB[22m
[2mdist/[22m[32mindex.html                               [39m[1m[2m  3.94 kB[22m[1m[22m[2m │ gzip:   1.20 kB[22m
[2mdist/[22m[32massets/ajax-loader-BcnMEykj.gif          [39m[1m[2m  4.18 kB[22m[1m[22m
[2mdist/[22m[35massets/index-hLR-tEYs.css                [39m[1m[2m 72.57 kB[22m[1m[22m[2m │ gzip:  13.46 kB[22m
[2mdist/[22m[36massets/stegaEncodeSourceMap-COsLwQTh.js  [39m[1m[2m  7.37 kB[22m[1m[22m[2m │ gzip:   3.04 kB[22m
[2mdist/[22m[36massets/browser-BIfhZMwY.js               [39m[1m[2m 12.64 kB[22m[1m[22m[2m │ gzip:   5.00 kB[22m
[2mdist/[22m[36massets/index-StigesXE.js                 [39m[1m[33m518.09 kB[39m[22m[2m │ gzip: 161.93 kB[22m
[33m
(!) Some chunks are larger than 500 kB after minification. Consider:
- Using dynamic import() to code-split the application
- Use build.rollupOptions.output.manualChunks to improve chunking: https://rollupjs.org/configuration-options/#output-manualchunks
- Adjust chunk size limit for this warning via build.chunkSizeWarningLimit.[39m
[32m✓ built in 10.80s[39m
